11:38:16.684 [main] INFO API.test.UserTests -********** Creating User **********
11:38:21.537 [main] INFO API.test.UserTests -**********  User is created **********
11:38:21.562 [main] INFO API.test.UserTests -********** reading User Info **********
11:38:22.810 [main] INFO API.test.UserTests -********** User is displayed **********
11:38:22.816 [main] INFO API.test.UserTests -********** Updating user **********
11:38:25.245 [main] INFO API.test.UserTests -********** user is updated **********
11:38:25.259 [main] INFO API.test.UserTests -********** deleting user **********
11:38:26.493 [main] INFO API.test.UserTests -********** user is deleted **********
11:42:41.161 [main] INFO API.test.UserTests -********** Creating User **********
11:42:44.999 [main] INFO API.test.UserTests -**********  User is created **********
11:42:45.026 [main] INFO API.test.UserTests -********** reading User Info **********
11:42:46.365 [main] INFO API.test.UserTests -********** User is displayed **********
11:42:46.372 [main] INFO API.test.UserTests -********** Updating user **********
11:42:49.108 [main] INFO API.test.UserTests -********** user is updated **********
11:42:49.119 [main] INFO API.test.UserTests -********** deleting user **********
11:42:50.311 [main] INFO API.test.UserTests -********** user is deleted **********
11:50:54.564 [main] DEBUGAPI.test.UserTests -debugging....
11:50:54.585 [main] INFO API.test.UserTests -********** Creating User **********
11:50:59.004 [main] INFO API.test.UserTests -**********  User is created **********
11:50:59.036 [main] INFO API.test.UserTests -********** reading User Info **********
11:51:01.179 [main] INFO API.test.UserTests -********** User is displayed **********
11:51:01.190 [main] INFO API.test.UserTests -********** Updating user **********
11:51:03.666 [main] INFO API.test.UserTests -********** user is updated **********
11:51:03.679 [main] INFO API.test.UserTests -********** deleting user **********
11:51:04.887 [main] INFO API.test.UserTests -********** user is deleted **********
11:54:18.802 [main] DEBUGAPI.test.UserTests -debugging....
11:54:18.828 [main] INFO API.test.UserTests -********** Creating User **********
11:54:22.878 [main] INFO API.test.UserTests -**********  User is created **********
11:54:22.910 [main] INFO API.test.UserTests -********** reading User Info **********
11:54:24.227 [main] INFO API.test.UserTests -********** User is displayed **********
11:54:24.235 [main] INFO API.test.UserTests -********** Updating user **********
11:54:26.596 [main] INFO API.test.UserTests -********** user is updated **********
11:54:26.606 [main] INFO API.test.UserTests -********** deleting user **********
11:54:27.798 [main] INFO API.test.UserTests -********** user is deleted **********
11:56:58.046 [main] DEBUGAPI.test.UserTests -debugging....
11:56:58.067 [main] INFO API.test.UserTests -********** Creating User **********
11:57:02.087 [main] INFO API.test.UserTests -**********  User is created **********
11:57:02.124 [main] INFO API.test.UserTests -********** reading User Info **********
11:57:03.448 [main] INFO API.test.UserTests -********** User is displayed **********
11:57:03.454 [main] INFO API.test.UserTests -********** Updating user **********
11:57:05.909 [main] INFO API.test.UserTests -********** user is updated **********
11:57:05.920 [main] INFO API.test.UserTests -********** deleting user **********
11:57:07.103 [main] INFO API.test.UserTests -********** user is deleted **********
12:55:32.787 [main] DEBUGAPI.test.UserTests2 -debugging....
12:55:32.808 [main] INFO API.test.UserTests2 -********** Creating User **********
12:55:36.631 [main] INFO API.test.UserTests2 -********** reading User Info **********
12:55:37.861 [main] INFO API.test.UserTests2 -********** Updating user **********
12:55:40.312 [main] INFO API.test.UserTests2 -********** user is updated **********
12:55:40.358 [main] INFO API.test.UserTests2 -********** deleting user **********
12:55:41.532 [main] INFO API.test.UserTests2 -********** user is deleted **********
12:56:38.659 [main] DEBUGAPI.test.UserTests2 -debugging....
12:56:38.678 [main] INFO API.test.UserTests2 -********** Creating User **********
12:56:42.738 [main] INFO API.test.UserTests2 -********** reading User Info **********
12:56:44.058 [main] INFO API.test.UserTests2 -********** Updating user **********
12:56:46.551 [main] INFO API.test.UserTests2 -********** user is updated **********
12:56:46.592 [main] INFO API.test.UserTests2 -********** deleting user **********
12:56:47.778 [main] INFO API.test.UserTests2 -********** user is deleted **********
13:02:05.330 [main] DEBUGAPI.test.UserTests2 -debugging....
13:02:05.355 [main] INFO API.test.UserTests2 -********** Creating User **********
13:02:09.415 [main] INFO API.test.UserTests2 -********** reading User Info **********
13:02:12.313 [main] INFO API.test.UserTests2 -********** Updating user **********
13:02:14.744 [main] INFO API.test.UserTests2 -********** user is updated **********
13:02:14.786 [main] INFO API.test.UserTests2 -********** deleting user **********
13:02:16.318 [main] INFO API.test.UserTests2 -********** user is deleted **********
13:04:26.715 [main] DEBUGAPI.test.UserTests2 -debugging....
13:04:26.736 [main] INFO API.test.UserTests2 -********** Creating User **********
13:04:30.731 [main] INFO API.test.UserTests2 -**********  User is created **********
13:04:30.761 [main] INFO API.test.UserTests2 -********** reading User Info **********
13:04:31.954 [main] INFO API.test.UserTests2 -********** User is displayed **********
13:04:31.959 [main] INFO API.test.UserTests2 -********** Updating user **********
13:04:34.308 [main] INFO API.test.UserTests2 -********** user is updated **********
13:04:34.319 [main] INFO API.test.UserTests2 -********** deleting user **********
13:04:35.500 [main] INFO API.test.UserTests2 -********** user is deleted **********
14:54:56.593 [main] DEBUGAPI.test.UserTests -debugging....
14:54:56.610 [main] INFO API.test.UserTests -********** Creating User **********
14:55:00.552 [main] INFO API.test.UserTests -**********  User is created **********
14:55:00.560 [main] INFO API.test.UserTests -********** reading User Info **********
14:55:01.793 [main] INFO API.test.UserTests -********** User is displayed **********
14:55:01.795 [main] INFO API.test.UserTests -********** Updating user **********
14:55:04.184 [main] INFO API.test.UserTests -********** user is updated **********
14:55:04.188 [main] INFO API.test.UserTests -********** deleting user **********
14:55:05.392 [main] INFO API.test.UserTests -********** user is deleted **********
15:01:03.290 [main] DEBUGAPI.test.UserTests -debugging....
15:01:03.308 [main] INFO API.test.UserTests -********** Creating User **********
15:01:07.269 [main] INFO API.test.UserTests -**********  User is created **********
15:01:07.275 [main] INFO API.test.UserTests -********** reading User Info **********
15:01:08.517 [main] INFO API.test.UserTests -********** User is displayed **********
15:01:08.521 [main] INFO API.test.UserTests -********** Updating user **********
15:01:10.937 [main] INFO API.test.UserTests -********** user is updated **********
15:01:10.943 [main] INFO API.test.UserTests -********** deleting user **********
15:01:13.149 [main] INFO API.test.UserTests -********** user is deleted **********
15:05:26.832 [main] DEBUGAPI.test.UserTests2 -debugging....
15:05:26.853 [main] INFO API.test.UserTests2 -********** Creating User **********
15:05:30.493 [main] INFO API.test.UserTests2 -**********  User is created **********
15:05:30.512 [main] INFO API.test.UserTests2 -********** reading User Info **********
15:05:32.650 [main] INFO API.test.UserTests2 -********** User is displayed **********
15:05:32.658 [main] INFO API.test.UserTests2 -********** Updating user **********
15:05:35.883 [main] INFO API.test.UserTests2 -********** user is updated **********
15:05:35.889 [main] INFO API.test.UserTests2 -********** deleting user **********
15:05:37.076 [main] INFO API.test.UserTests2 -********** user is deleted **********
